<?xml version="1.0" encoding="UTF-8"?>
<!-- Generated by org.testng.reporters.JUnitReportReporter -->
<testsuite hostname="DESKTOP-3PV1IGU" failures="0" tests="1" name="Runnerclass.RegisterRunner" time="15.024" errors="0" timestamp="2021-10-14T15:41:55 IST" skipped="0">
  <testcase classname="Runnerclass.RegisterRunner" name="runScenario" time="15.024"/>
  <system-out/>
</testsuite> <!-- Runnerclass.RegisterRunner -->
