<?xml version="1.0" encoding="UTF-8"?>
<!-- Generated by org.testng.reporters.JUnitReportReporter -->
<testsuite hostname="DESKTOP-3PV1IGU" failures="0" tests="6" name="Runnerforall.RunnerForAll_features" time="88.315" errors="0" timestamp="2021-10-13T17:16:17 IST" skipped="0">
  <testcase classname="Runnerforall.RunnerForAll_features" name="runScenario" time="11.381"/>
  <system-out/>
  <testcase classname="Runnerforall.RunnerForAll_features" name="runScenario" time="19.169"/>
  <system-out/>
  <testcase classname="Runnerforall.RunnerForAll_features" name="runScenario" time="21.883"/>
  <system-out/>
  <testcase classname="Runnerforall.RunnerForAll_features" name="runScenario" time="10.355"/>
  <system-out/>
  <testcase classname="Runnerforall.RunnerForAll_features" name="runScenario" time="12.223"/>
  <system-out/>
  <testcase classname="Runnerforall.RunnerForAll_features" name="runScenario" time="13.304"/>
  <system-out/>
</testsuite> <!-- Runnerforall.RunnerForAll_features -->
