<?xml version="1.0" encoding="UTF-8"?>
<!-- Generated by org.testng.reporters.JUnitReportReporter -->
<testsuite hostname="DESKTOP-3PV1IGU" failures="0" tests="3" name="page_factories.vfdf" time="0.019" errors="0" timestamp="2021-10-19T13:43:53 IST" skipped="1">
  <testcase classname="page_factories.vfdf" name="dd" time="0.017"/>
  <system-out/>
  <testcase classname="page_factories.vfdf" name="ddd" time="0.002"/>
  <system-out/>
  <testcase classname="page_factories.vfdf" name="dddd">
    <skipped/>
  </testcase> <!-- dddd -->
  <system-out/>
</testsuite> <!-- page_factories.vfdf -->
