<?xml version="1.0" encoding="UTF-8"?>
<!-- Generated by org.testng.reporters.JUnitReportReporter -->
<testsuite hostname="DESKTOP-3PV1IGU" failures="0" tests="4" name="Step_Definitions.Login_cl" time="15.710" errors="0" timestamp="2021-10-12T12:14:07 IST" skipped="0">
  <testcase classname="Step_Definitions.Login_cl" name="openbrowser" time="9.008"/>
  <system-out/>
  <testcase classname="Step_Definitions.Login_cl" name="user_opened_the_login_page" time="1.618"/>
  <system-out/>
  <testcase classname="Step_Definitions.Login_cl" name="input" time="5.050"/>
  <system-out/>
  <testcase classname="Step_Definitions.Login_cl" name="authenticate_the_credentials" time="0.034"/>
  <system-out/>
</testsuite> <!-- Step_Definitions.Login_cl -->
