<?xml version="1.0" encoding="UTF-8"?>
<!-- Generated by org.testng.reporters.JUnitReportReporter -->
<testsuite hostname="DESKTOP-3PV1IGU" failures="0" tests="1" name="Runnerclass.Search_Runner" time="25.856" errors="0" timestamp="2021-10-18T13:48:32 IST" skipped="0">
  <testcase classname="Runnerclass.Search_Runner" name="runScenario" time="25.856"/>
  <system-out/>
</testsuite> <!-- Runnerclass.Search_Runner -->
